La ultima modificacion del archivo "prueba.cpp" fue: 13/11/2024 03:43:58 p. m..
using = Identificador
Constructor lenguaje
System = Identificador
; = FinSentencia
using = Identificador
System = Identificador
. = Caracter
Collections = Identificador
. = Caracter
Generic = Identificador
; = FinSentencia
using = Identificador
System = Identificador
. = Caracter
Linq = Identificador
; = FinSentencia
using = Identificador
System = Identificador
. = Caracter
Threading = Identificador
. = Caracter
Tasks = Identificador
; = FinSentencia
static = Identificador
void = Identificador
Main = Identificador
( = Caracter
string = Identificador
[ = Caracter
] = Caracter
args = Identificador
) = Caracter
{ = InicioBloque
char = TipoDato
a = Identificador
; = FinSentencia
int = TipoDato
b = Identificador
; = FinSentencia
a = Identificador
= = Asignacion
0 = Numero
; = FinSentencia
if = PalabraReservada
( = Caracter
1 = Numero
== = OperadorRelacional
2 = Numero
) = Caracter
{ = InicioBloque
do = PalabraReservada
{ = InicioBloque
Console = Identificador
. = Caracter
WriteLine = Identificador
( = Caracter
"bla bla bla" = Cadena
) = Caracter
; = FinSentencia
} = FinBloque
while = PalabraReservada
( = Caracter
a = Identificador
< = OperadorRelacional
10 = Numero
) = Caracter
; = FinSentencia
a = Identificador
= = Asignacion
10 = Numero
; = FinSentencia
if = PalabraReservada
( = Caracter
1 = Numero
== = OperadorRelacional
2 = Numero
) = Caracter
a = Identificador
= = Asignacion
20 = Numero
; = FinSentencia
else = PalabraReservada
a = Identificador
= = Asignacion
30 = Numero
; = FinSentencia
} = FinBloque
else = PalabraReservada
{ = InicioBloque
do = PalabraReservada
{ = InicioBloque
Console = Identificador
. = Caracter
WriteLine = Identificador
( = Caracter
"pepepecaspicapapas" = Cadena
) = Caracter
; = FinSentencia
} = FinBloque
while = PalabraReservada
( = Caracter
a = Identificador
< = OperadorRelacional
5 = Numero
) = Caracter
; = FinSentencia
a = Identificador
= = Asignacion
40 = Numero
; = FinSentencia
for = PalabraReservada
( = Caracter
a = Identificador
= = Asignacion
0 = Numero
; = FinSentencia
a = Identificador
< = OperadorRelacional
10 = Numero
; = FinSentencia
a = Identificador
= = Asignacion
2 = Numero
) = Caracter
{ = InicioBloque
i = Identificador
++ = IncrementoTermino
